                                                           The SAS System

                                                      The SURVEYFREQ Procedure

                                                            Data Summary

                                                Number of Strata                  63
                                                Number of Clusters              3921
                                                Number of Observations         11649
                                                Sum of Weights             10809.566


                                          6-categories time to death or censoring in months
 
                                                           Weighted    Std Err of                Std Err of
                         time_months_c6     Frequency     Frequency      Wgt Freq     Percent       Percent
                         ƒƒƒƒƒƒƒƒƒƒƒƒƒƒƒƒƒƒƒƒƒƒƒƒƒƒƒƒƒƒƒƒƒƒƒƒƒƒƒƒƒƒƒƒƒƒƒƒƒƒƒƒƒƒƒƒƒƒƒƒƒƒƒƒƒƒƒƒƒƒƒƒƒƒƒƒƒƒƒƒƒƒ
                                      1           172     150.09096      17.41337      1.3885        0.1589
                                      2           773     712.33070      36.98329      6.5898        0.3415
                                      3          1424          1367      64.52520     12.6487        0.5525
                                      4          2247          2154     137.81087     19.9305        1.0421
                                      5          2376          2150      69.60503     19.8887        0.5843
                                      6          4657          4276     122.06485     39.5537        0.8720
                         ƒƒƒƒƒƒƒƒƒƒƒƒƒƒƒƒƒƒƒƒƒƒƒƒƒƒƒƒƒƒƒƒƒƒƒƒƒƒƒƒƒƒƒƒƒƒƒƒƒƒƒƒƒƒƒƒƒƒƒƒƒƒƒƒƒƒƒƒƒƒƒƒƒƒƒƒƒƒƒƒƒƒ
                                                           The SAS System

                                                      The SURVEYFREQ Procedure

                                                            Data Summary

                                                Number of Strata                  63
                                                Number of Clusters              3921
                                                Number of Observations         11649
                                                Sum of Weights             10809.566


                                                  Table of death by time_months_c6
 
                                                  Weighted    Std Err of                Std Err of         Row     Std Err of
       death    time_months_c6     Frequency     Frequency      Wgt Freq     Percent       Percent     Percent    Row Percent
       ƒƒƒƒƒƒƒƒƒƒƒƒƒƒƒƒƒƒƒƒƒƒƒƒƒƒƒƒƒƒƒƒƒƒƒƒƒƒƒƒƒƒƒƒƒƒƒƒƒƒƒƒƒƒƒƒƒƒƒƒƒƒƒƒƒƒƒƒƒƒƒƒƒƒƒƒƒƒƒƒƒƒƒƒƒƒƒƒƒƒƒƒƒƒƒƒƒƒƒƒƒƒƒƒƒƒƒƒƒƒƒƒƒƒƒƒƒƒ
           0                 1            68      60.30971      11.00113      0.5579        0.1014      0.5665         0.1030
                             2           734     678.59076      36.32836      6.2777        0.3355      6.3738         0.3406
                             3          1398          1346      64.18074     12.4565        0.5500     12.6471         0.5585
                             4          2229          2141     137.71660     19.8067        1.0427     20.1099         1.0569
                             5          2370          2145      69.56428     19.8410        0.5843     20.1446         0.5938
                             6          4655          4275     122.06497     39.5528        0.8720     40.1581         0.8832
       ----------------------------------------------------------------------------------------------------------------------
           1                 1           104      89.78125      12.81407      0.8306        0.1173     55.0961         4.9824
                             2            39      33.73995       6.76540      0.3121        0.0626     20.7052         3.8359
                             3            26      20.78386       5.81528      0.1923        0.0538     12.7544         3.3557
                             4            18      13.38232       4.03312      0.1238        0.0373      8.2123         2.3448
                             5             6       5.16477       2.72142      0.0478        0.0252      3.1695         1.6262
                             6             2       0.10188       0.07205      0.0009        0.0007      0.0625         0.0447
       ƒƒƒƒƒƒƒƒƒƒƒƒƒƒƒƒƒƒƒƒƒƒƒƒƒƒƒƒƒƒƒƒƒƒƒƒƒƒƒƒƒƒƒƒƒƒƒƒƒƒƒƒƒƒƒƒƒƒƒƒƒƒƒƒƒƒƒƒƒƒƒƒƒƒƒƒƒƒƒƒƒƒƒƒƒƒƒƒƒƒƒƒƒƒƒƒƒƒƒƒƒƒƒƒƒƒƒƒƒƒƒƒƒƒƒƒƒƒ
                                                           The SAS System

                                                      The SURVEYFREQ Procedure

                                                            Data Summary

                                                Number of Strata                  63
                                                Number of Clusters              3921
                                                Number of Observations         11649
                                                Sum of Weights             10809.566


                                                    Birth weight (3 categories)
 
                                                           Weighted    Std Err of                Std Err of
                        birth_weight_c3     Frequency     Frequency      Wgt Freq     Percent       Percent
                        ƒƒƒƒƒƒƒƒƒƒƒƒƒƒƒƒƒƒƒƒƒƒƒƒƒƒƒƒƒƒƒƒƒƒƒƒƒƒƒƒƒƒƒƒƒƒƒƒƒƒƒƒƒƒƒƒƒƒƒƒƒƒƒƒƒƒƒƒƒƒƒƒƒƒƒƒƒƒƒƒƒƒƒ
                                      .          2668          1943      74.34610     17.9713        0.6666
                                      1           801     832.36095      45.62923      7.7002        0.4028
                                      2          7527          7460     184.16154     69.0143        0.7100
                                      3           653     574.44559      54.38154      5.3142        0.4474
                        ƒƒƒƒƒƒƒƒƒƒƒƒƒƒƒƒƒƒƒƒƒƒƒƒƒƒƒƒƒƒƒƒƒƒƒƒƒƒƒƒƒƒƒƒƒƒƒƒƒƒƒƒƒƒƒƒƒƒƒƒƒƒƒƒƒƒƒƒƒƒƒƒƒƒƒƒƒƒƒƒƒƒƒ
                                                           The SAS System

                                                      The SURVEYFREQ Procedure

                                                            Data Summary

                                                Number of Strata                  63
                                                Number of Clusters              3921
                                                Number of Observations         11649
                                                Sum of Weights             10809.566


                                                 Table of death by birth_weight_c3
 
                                                  Weighted    Std Err of                Std Err of         Row     Std Err of
      death    birth_weight_c3     Frequency     Frequency      Wgt Freq     Percent       Percent     Percent    Row Percent
      ƒƒƒƒƒƒƒƒƒƒƒƒƒƒƒƒƒƒƒƒƒƒƒƒƒƒƒƒƒƒƒƒƒƒƒƒƒƒƒƒƒƒƒƒƒƒƒƒƒƒƒƒƒƒƒƒƒƒƒƒƒƒƒƒƒƒƒƒƒƒƒƒƒƒƒƒƒƒƒƒƒƒƒƒƒƒƒƒƒƒƒƒƒƒƒƒƒƒƒƒƒƒƒƒƒƒƒƒƒƒƒƒƒƒƒƒƒƒƒ
          0                  .          2575          1858      72.24713     17.1848        0.6522     17.4479         0.6642
                             1           766     803.09039      44.53299      7.4294        0.3938      7.5432         0.4008
                             2          7469          7419     184.03610     68.6332        0.7138     69.6837         0.7070
                             3           644     566.96238      54.29995      5.2450        0.4475      5.3253         0.4536
      -----------------------------------------------------------------------------------------------------------------------
          1                  .            93      85.01003      12.06988      0.7864        0.1104     52.1681         4.9951
                             1            35      29.27056       7.80992      0.2708        0.0721     17.9625         4.2351
                             2            58      41.19024       6.80662      0.3811        0.0631     25.2772         3.7808
                             3             9       7.48321       3.59512      0.0692        0.0332      4.5922         2.1512
      ƒƒƒƒƒƒƒƒƒƒƒƒƒƒƒƒƒƒƒƒƒƒƒƒƒƒƒƒƒƒƒƒƒƒƒƒƒƒƒƒƒƒƒƒƒƒƒƒƒƒƒƒƒƒƒƒƒƒƒƒƒƒƒƒƒƒƒƒƒƒƒƒƒƒƒƒƒƒƒƒƒƒƒƒƒƒƒƒƒƒƒƒƒƒƒƒƒƒƒƒƒƒƒƒƒƒƒƒƒƒƒƒƒƒƒƒƒƒƒ
                                                           The SAS System

                                                      The SURVEYFREQ Procedure

                                                            Data Summary

                                                Number of Strata                  63
                                                Number of Clusters              3921
                                                Number of Observations         11649
                                                Sum of Weights             10809.566


                                                 Child reported as born prematurely
 
                                                          Weighted    Std Err of                Std Err of
                         preterm_birth     Frequency     Frequency      Wgt Freq     Percent       Percent
                         ƒƒƒƒƒƒƒƒƒƒƒƒƒƒƒƒƒƒƒƒƒƒƒƒƒƒƒƒƒƒƒƒƒƒƒƒƒƒƒƒƒƒƒƒƒƒƒƒƒƒƒƒƒƒƒƒƒƒƒƒƒƒƒƒƒƒƒƒƒƒƒƒƒƒƒƒƒƒƒƒƒ
                                     0         10141          9369     220.09065     86.6726        0.5470
                                     1          1508          1441      64.17612     13.3274        0.5470
                         ƒƒƒƒƒƒƒƒƒƒƒƒƒƒƒƒƒƒƒƒƒƒƒƒƒƒƒƒƒƒƒƒƒƒƒƒƒƒƒƒƒƒƒƒƒƒƒƒƒƒƒƒƒƒƒƒƒƒƒƒƒƒƒƒƒƒƒƒƒƒƒƒƒƒƒƒƒƒƒƒƒ
                                                           The SAS System

                                                      The SURVEYFREQ Procedure

                                                            Data Summary

                                                Number of Strata                  63
                                                Number of Clusters              3921
                                                Number of Observations         11649
                                                Sum of Weights             10809.566


                                                  Table of death by preterm_birth
 
                                                 Weighted    Std Err of                Std Err of         Row     Std Err of
       death    preterm_birth     Frequency     Frequency      Wgt Freq     Percent       Percent     Percent    Row Percent
       ƒƒƒƒƒƒƒƒƒƒƒƒƒƒƒƒƒƒƒƒƒƒƒƒƒƒƒƒƒƒƒƒƒƒƒƒƒƒƒƒƒƒƒƒƒƒƒƒƒƒƒƒƒƒƒƒƒƒƒƒƒƒƒƒƒƒƒƒƒƒƒƒƒƒƒƒƒƒƒƒƒƒƒƒƒƒƒƒƒƒƒƒƒƒƒƒƒƒƒƒƒƒƒƒƒƒƒƒƒƒƒƒƒƒƒƒƒ
           0                0         10040          9295     219.57813     85.9890        0.5574     87.3052         0.5354
                            1          1414          1352      61.24661     12.5035        0.5255     12.6948         0.5354
       ---------------------------------------------------------------------------------------------------------------------
           1                0           101      73.89519      10.36433      0.6836        0.0959     45.3473         4.8702
                            1            94      89.05885      12.60927      0.8239        0.1152     54.6527         4.8702
       ƒƒƒƒƒƒƒƒƒƒƒƒƒƒƒƒƒƒƒƒƒƒƒƒƒƒƒƒƒƒƒƒƒƒƒƒƒƒƒƒƒƒƒƒƒƒƒƒƒƒƒƒƒƒƒƒƒƒƒƒƒƒƒƒƒƒƒƒƒƒƒƒƒƒƒƒƒƒƒƒƒƒƒƒƒƒƒƒƒƒƒƒƒƒƒƒƒƒƒƒƒƒƒƒƒƒƒƒƒƒƒƒƒƒƒƒƒ
                                                           The SAS System

                                                      The SURVEYFREQ Procedure

                                                            Data Summary

                                                Number of Strata                  63
                                                Number of Clusters              3921
                                                Number of Observations         11649
                                                Sum of Weights             10809.566


                                                  Sex of child (1=female, 0=male)
 
                                                        Weighted    Std Err of                Std Err of
                           child_sex     Frequency     Frequency      Wgt Freq     Percent       Percent
                           ƒƒƒƒƒƒƒƒƒƒƒƒƒƒƒƒƒƒƒƒƒƒƒƒƒƒƒƒƒƒƒƒƒƒƒƒƒƒƒƒƒƒƒƒƒƒƒƒƒƒƒƒƒƒƒƒƒƒƒƒƒƒƒƒƒƒƒƒƒƒƒƒƒƒƒƒƒ
                                   0          5920          5449     132.69639     50.4123        0.6938
                                   1          5729          5360     147.86719     49.5877        0.6938
                           ƒƒƒƒƒƒƒƒƒƒƒƒƒƒƒƒƒƒƒƒƒƒƒƒƒƒƒƒƒƒƒƒƒƒƒƒƒƒƒƒƒƒƒƒƒƒƒƒƒƒƒƒƒƒƒƒƒƒƒƒƒƒƒƒƒƒƒƒƒƒƒƒƒƒƒƒƒ
                                                           The SAS System

                                                      The SURVEYFREQ Procedure

                                                            Data Summary

                                                Number of Strata                  63
                                                Number of Clusters              3921
                                                Number of Observations         11649
                                                Sum of Weights             10809.566


                                                    Table of death by child_sex
 
                                               Weighted    Std Err of                Std Err of         Row     Std Err of
         death    child_sex     Frequency     Frequency      Wgt Freq     Percent       Percent     Percent    Row Percent
         ƒƒƒƒƒƒƒƒƒƒƒƒƒƒƒƒƒƒƒƒƒƒƒƒƒƒƒƒƒƒƒƒƒƒƒƒƒƒƒƒƒƒƒƒƒƒƒƒƒƒƒƒƒƒƒƒƒƒƒƒƒƒƒƒƒƒƒƒƒƒƒƒƒƒƒƒƒƒƒƒƒƒƒƒƒƒƒƒƒƒƒƒƒƒƒƒƒƒƒƒƒƒƒƒƒƒƒƒƒƒƒƒƒ
             0            0          5818          5359     131.23910     49.5787        0.6948     50.3375         0.7027
                          1          5636          5287     147.20150     48.9138        0.6975     49.6625         0.7027
         -----------------------------------------------------------------------------------------------------------------
             1            0           102      90.10757      12.74736      0.8336        0.1167     55.2963         4.7693
                          1            93      72.84647      10.01004      0.6739        0.0924     44.7037         4.7693
         ƒƒƒƒƒƒƒƒƒƒƒƒƒƒƒƒƒƒƒƒƒƒƒƒƒƒƒƒƒƒƒƒƒƒƒƒƒƒƒƒƒƒƒƒƒƒƒƒƒƒƒƒƒƒƒƒƒƒƒƒƒƒƒƒƒƒƒƒƒƒƒƒƒƒƒƒƒƒƒƒƒƒƒƒƒƒƒƒƒƒƒƒƒƒƒƒƒƒƒƒƒƒƒƒƒƒƒƒƒƒƒƒƒ
                                                           The SAS System

                                                      The SURVEYFREQ Procedure

                                                            Data Summary

                                                Number of Strata                  63
                                                Number of Clusters              3921
                                                Number of Observations         11649
                                                Sum of Weights             10809.566


                                            Mother's age at child's birth (3 categories)
 
                                                          Weighted    Std Err of                Std Err of
                         mage_birth_c3     Frequency     Frequency      Wgt Freq     Percent       Percent
                         ƒƒƒƒƒƒƒƒƒƒƒƒƒƒƒƒƒƒƒƒƒƒƒƒƒƒƒƒƒƒƒƒƒƒƒƒƒƒƒƒƒƒƒƒƒƒƒƒƒƒƒƒƒƒƒƒƒƒƒƒƒƒƒƒƒƒƒƒƒƒƒƒƒƒƒƒƒƒƒƒƒ
                                     1          2454          2069      68.32664     19.1395        0.6151
                                     2          7961          7548     175.77539     69.8275        0.7946
                                     3          1234          1193      98.64840     11.0330        0.7933
                         ƒƒƒƒƒƒƒƒƒƒƒƒƒƒƒƒƒƒƒƒƒƒƒƒƒƒƒƒƒƒƒƒƒƒƒƒƒƒƒƒƒƒƒƒƒƒƒƒƒƒƒƒƒƒƒƒƒƒƒƒƒƒƒƒƒƒƒƒƒƒƒƒƒƒƒƒƒƒƒƒƒ
                                                           The SAS System

                                                      The SURVEYFREQ Procedure

                                                            Data Summary

                                                Number of Strata                  63
                                                Number of Clusters              3921
                                                Number of Observations         11649
                                                Sum of Weights             10809.566


                                                  Table of death by mage_birth_c3
 
                                                 Weighted    Std Err of                Std Err of         Row     Std Err of
       death    mage_birth_c3     Frequency     Frequency      Wgt Freq     Percent       Percent     Percent    Row Percent
       ƒƒƒƒƒƒƒƒƒƒƒƒƒƒƒƒƒƒƒƒƒƒƒƒƒƒƒƒƒƒƒƒƒƒƒƒƒƒƒƒƒƒƒƒƒƒƒƒƒƒƒƒƒƒƒƒƒƒƒƒƒƒƒƒƒƒƒƒƒƒƒƒƒƒƒƒƒƒƒƒƒƒƒƒƒƒƒƒƒƒƒƒƒƒƒƒƒƒƒƒƒƒƒƒƒƒƒƒƒƒƒƒƒƒƒƒƒ
           0                1          2409          2029      66.83511     18.7714        0.6080     19.0587         0.6191
                            2          7832          7443     174.67674     68.8572        0.7932     69.9111         0.8044
                            3          1213          1174      98.55571     10.8639        0.7939     11.0302         0.8038
       ---------------------------------------------------------------------------------------------------------------------
           1                1            45      39.78958       8.74118      0.3681        0.0799     24.4177         4.5905
                            2           129     104.88490      12.71171      0.9703        0.1174     64.3647         5.0744
                            3            21      18.27956       6.19803      0.1691        0.0574     11.2176         3.5444
       ƒƒƒƒƒƒƒƒƒƒƒƒƒƒƒƒƒƒƒƒƒƒƒƒƒƒƒƒƒƒƒƒƒƒƒƒƒƒƒƒƒƒƒƒƒƒƒƒƒƒƒƒƒƒƒƒƒƒƒƒƒƒƒƒƒƒƒƒƒƒƒƒƒƒƒƒƒƒƒƒƒƒƒƒƒƒƒƒƒƒƒƒƒƒƒƒƒƒƒƒƒƒƒƒƒƒƒƒƒƒƒƒƒƒƒƒƒ
                                                           The SAS System

                                                      The SURVEYFREQ Procedure

                                                            Data Summary

                                                Number of Strata                  63
                                                Number of Clusters              3921
                                                Number of Observations         11649
                                                Sum of Weights             10809.566


                                                  Mother's education (3 categories)
 
                                                        Weighted    Std Err of                Std Err of
                            meduc_c3     Frequency     Frequency      Wgt Freq     Percent       Percent
                            ƒƒƒƒƒƒƒƒƒƒƒƒƒƒƒƒƒƒƒƒƒƒƒƒƒƒƒƒƒƒƒƒƒƒƒƒƒƒƒƒƒƒƒƒƒƒƒƒƒƒƒƒƒƒƒƒƒƒƒƒƒƒƒƒƒƒƒƒƒƒƒƒƒƒƒƒ
                                   1           370     252.09608      29.20468      2.3322        0.2678
                                   2          2364          1765      64.70545     16.3320        0.6005
                                   3          8915          8792     225.95516     81.3358        0.6840
                            ƒƒƒƒƒƒƒƒƒƒƒƒƒƒƒƒƒƒƒƒƒƒƒƒƒƒƒƒƒƒƒƒƒƒƒƒƒƒƒƒƒƒƒƒƒƒƒƒƒƒƒƒƒƒƒƒƒƒƒƒƒƒƒƒƒƒƒƒƒƒƒƒƒƒƒƒ
                                                           The SAS System

                                                      The SURVEYFREQ Procedure

                                                            Data Summary

                                                Number of Strata                  63
                                                Number of Clusters              3921
                                                Number of Observations         11649
                                                Sum of Weights             10809.566


                                                     Table of death by meduc_c3
 
                                               Weighted    Std Err of                Std Err of         Row     Std Err of
          death    meduc_c3     Frequency     Frequency      Wgt Freq     Percent       Percent     Percent    Row Percent
          ƒƒƒƒƒƒƒƒƒƒƒƒƒƒƒƒƒƒƒƒƒƒƒƒƒƒƒƒƒƒƒƒƒƒƒƒƒƒƒƒƒƒƒƒƒƒƒƒƒƒƒƒƒƒƒƒƒƒƒƒƒƒƒƒƒƒƒƒƒƒƒƒƒƒƒƒƒƒƒƒƒƒƒƒƒƒƒƒƒƒƒƒƒƒƒƒƒƒƒƒƒƒƒƒƒƒƒƒƒƒƒƒ
              0           1           360     239.17138      26.46286      2.2126        0.2428      2.2465         0.2469
                          2          2314          1731      64.00606     16.0158        0.5930     16.2609         0.6039
                          3          8780          8676     224.21212     80.2641        0.6952     81.4926         0.6790
          ----------------------------------------------------------------------------------------------------------------
              1           1            10      12.92470       5.58480      0.1196        0.0516      7.9315         3.2216
                          2            50      34.17840       6.45154      0.3162        0.0599     20.9743         3.6514
                          3           135     115.85094      14.07480      1.0717        0.1286     71.0942         4.6397
          ƒƒƒƒƒƒƒƒƒƒƒƒƒƒƒƒƒƒƒƒƒƒƒƒƒƒƒƒƒƒƒƒƒƒƒƒƒƒƒƒƒƒƒƒƒƒƒƒƒƒƒƒƒƒƒƒƒƒƒƒƒƒƒƒƒƒƒƒƒƒƒƒƒƒƒƒƒƒƒƒƒƒƒƒƒƒƒƒƒƒƒƒƒƒƒƒƒƒƒƒƒƒƒƒƒƒƒƒƒƒƒƒ
                                                           The SAS System

                                                      The SURVEYFREQ Procedure

                                                            Data Summary

                                                Number of Strata                  63
                                                Number of Clusters              3921
                                                Number of Observations         11649
                                                Sum of Weights             10809.566


                                               Self-reported ethnicity (3 categories)
 
                                                          Weighted    Std Err of                Std Err of
                          ethnicity_c3     Frequency     Frequency      Wgt Freq     Percent       Percent
                          ƒƒƒƒƒƒƒƒƒƒƒƒƒƒƒƒƒƒƒƒƒƒƒƒƒƒƒƒƒƒƒƒƒƒƒƒƒƒƒƒƒƒƒƒƒƒƒƒƒƒƒƒƒƒƒƒƒƒƒƒƒƒƒƒƒƒƒƒƒƒƒƒƒƒƒƒƒƒƒƒ
                                     1          1818     860.89906      55.89396      7.9642        0.5142
                                     2          1382          1062      72.99283      9.8259        0.6382
                                     3          8449          8887     219.78951     82.2099        0.7713
                          ƒƒƒƒƒƒƒƒƒƒƒƒƒƒƒƒƒƒƒƒƒƒƒƒƒƒƒƒƒƒƒƒƒƒƒƒƒƒƒƒƒƒƒƒƒƒƒƒƒƒƒƒƒƒƒƒƒƒƒƒƒƒƒƒƒƒƒƒƒƒƒƒƒƒƒƒƒƒƒƒ
                                                           The SAS System

                                                      The SURVEYFREQ Procedure

                                                            Data Summary

                                                Number of Strata                  63
                                                Number of Clusters              3921
                                                Number of Observations         11649
                                                Sum of Weights             10809.566


                                                   Table of death by ethnicity_c3
 
                                                 Weighted    Std Err of                Std Err of         Row     Std Err of
        death    ethnicity_c3     Frequency     Frequency      Wgt Freq     Percent       Percent     Percent    Row Percent
        ƒƒƒƒƒƒƒƒƒƒƒƒƒƒƒƒƒƒƒƒƒƒƒƒƒƒƒƒƒƒƒƒƒƒƒƒƒƒƒƒƒƒƒƒƒƒƒƒƒƒƒƒƒƒƒƒƒƒƒƒƒƒƒƒƒƒƒƒƒƒƒƒƒƒƒƒƒƒƒƒƒƒƒƒƒƒƒƒƒƒƒƒƒƒƒƒƒƒƒƒƒƒƒƒƒƒƒƒƒƒƒƒƒƒƒƒ
            0               1          1767     832.32469      53.00141      7.6999        0.4886      7.8177         0.4976
                            2          1354          1043      72.47379      9.6488        0.6336      9.7965         0.6442
                            3          8333          8771     218.51526     81.1438        0.7858     82.3858         0.7684
        --------------------------------------------------------------------------------------------------------------------
            1               1            51      28.57436       6.79345      0.2643        0.0625     17.5352         3.8134
                            2            28      19.13754       4.64861      0.1770        0.0431     11.7441         2.7770
                            3           116     115.24214      14.44244      1.0661        0.1324     70.7206         4.4364
        ƒƒƒƒƒƒƒƒƒƒƒƒƒƒƒƒƒƒƒƒƒƒƒƒƒƒƒƒƒƒƒƒƒƒƒƒƒƒƒƒƒƒƒƒƒƒƒƒƒƒƒƒƒƒƒƒƒƒƒƒƒƒƒƒƒƒƒƒƒƒƒƒƒƒƒƒƒƒƒƒƒƒƒƒƒƒƒƒƒƒƒƒƒƒƒƒƒƒƒƒƒƒƒƒƒƒƒƒƒƒƒƒƒƒƒƒ
                                                           The SAS System

                                                      The SURVEYFREQ Procedure

                                                            Data Summary

                                                Number of Strata                  63
                                                Number of Clusters              3921
                                                Number of Observations         11649
                                                Sum of Weights             10809.566


                                        Adequate Antenatal Care Quality Score (2 categories)
 
                                                              Weighted    Std Err of                Std Err of
                      anc_quality_score_c2     Frequency     Frequency      Wgt Freq     Percent       Percent
                      ƒƒƒƒƒƒƒƒƒƒƒƒƒƒƒƒƒƒƒƒƒƒƒƒƒƒƒƒƒƒƒƒƒƒƒƒƒƒƒƒƒƒƒƒƒƒƒƒƒƒƒƒƒƒƒƒƒƒƒƒƒƒƒƒƒƒƒƒƒƒƒƒƒƒƒƒƒƒƒƒƒƒƒƒƒƒƒƒ
                                         .          3157          2796     100.98210     25.8643        0.7217
                                         0          1799          1373      51.13089     12.6978        0.4500
                                         1          6693          6641     178.32273     61.4379        0.8295
                      ƒƒƒƒƒƒƒƒƒƒƒƒƒƒƒƒƒƒƒƒƒƒƒƒƒƒƒƒƒƒƒƒƒƒƒƒƒƒƒƒƒƒƒƒƒƒƒƒƒƒƒƒƒƒƒƒƒƒƒƒƒƒƒƒƒƒƒƒƒƒƒƒƒƒƒƒƒƒƒƒƒƒƒƒƒƒƒƒ
                                                           The SAS System

                                                      The SURVEYFREQ Procedure

                                                            Data Summary

                                                Number of Strata                  63
                                                Number of Clusters              3921
                                                Number of Observations         11649
                                                Sum of Weights             10809.566


                                               Table of death by anc_quality_score_c2
 
                                                     Weighted    Std Err of                Std Err of         Row     Std Err of
    death    anc_quality_score_c2     Frequency     Frequency      Wgt Freq     Percent       Percent     Percent    Row Percent
    ƒƒƒƒƒƒƒƒƒƒƒƒƒƒƒƒƒƒƒƒƒƒƒƒƒƒƒƒƒƒƒƒƒƒƒƒƒƒƒƒƒƒƒƒƒƒƒƒƒƒƒƒƒƒƒƒƒƒƒƒƒƒƒƒƒƒƒƒƒƒƒƒƒƒƒƒƒƒƒƒƒƒƒƒƒƒƒƒƒƒƒƒƒƒƒƒƒƒƒƒƒƒƒƒƒƒƒƒƒƒƒƒƒƒƒƒƒƒƒƒƒƒƒƒ
        0                       .          3060          2715      98.25616     25.1129        0.7047     25.4973         0.7188
                                0          1769          1354      50.66650     12.5295        0.4464     12.7212         0.4539
                                1          6625          6578     178.11975     60.8501        0.8337     61.7815         0.8291
    ----------------------------------------------------------------------------------------------------------------------------
        1                       .            97      81.21642      11.72812      0.7513        0.1068     49.8401         4.7687
                                0            30      18.20165       4.93753      0.1684        0.0456     11.1698         2.8292
                                1            68      63.53597       9.77477      0.5878        0.0908     38.9901         4.7582
    ƒƒƒƒƒƒƒƒƒƒƒƒƒƒƒƒƒƒƒƒƒƒƒƒƒƒƒƒƒƒƒƒƒƒƒƒƒƒƒƒƒƒƒƒƒƒƒƒƒƒƒƒƒƒƒƒƒƒƒƒƒƒƒƒƒƒƒƒƒƒƒƒƒƒƒƒƒƒƒƒƒƒƒƒƒƒƒƒƒƒƒƒƒƒƒƒƒƒƒƒƒƒƒƒƒƒƒƒƒƒƒƒƒƒƒƒƒƒƒƒƒƒƒƒ
                                                           The SAS System

                                                      The SURVEYFREQ Procedure

                                                            Data Summary

                                                Number of Strata                  63
                                                Number of Clusters              3921
                                                Number of Observations         11649
                                                Sum of Weights             10809.566


                                                 Any substance use during pregnancy
 
                                                            Weighted    Std Err of                Std Err of
                       any_substance_use     Frequency     Frequency      Wgt Freq     Percent       Percent
                       ƒƒƒƒƒƒƒƒƒƒƒƒƒƒƒƒƒƒƒƒƒƒƒƒƒƒƒƒƒƒƒƒƒƒƒƒƒƒƒƒƒƒƒƒƒƒƒƒƒƒƒƒƒƒƒƒƒƒƒƒƒƒƒƒƒƒƒƒƒƒƒƒƒƒƒƒƒƒƒƒƒƒƒƒƒ
                                       .          1753          1509      73.32554     13.9639        0.5669
                                       0          8775          8387     191.72717     77.5892        0.6704
                                       1          1121     913.07261      50.57150      8.4469        0.4333
                       ƒƒƒƒƒƒƒƒƒƒƒƒƒƒƒƒƒƒƒƒƒƒƒƒƒƒƒƒƒƒƒƒƒƒƒƒƒƒƒƒƒƒƒƒƒƒƒƒƒƒƒƒƒƒƒƒƒƒƒƒƒƒƒƒƒƒƒƒƒƒƒƒƒƒƒƒƒƒƒƒƒƒƒƒƒ
                                                           The SAS System

                                                      The SURVEYFREQ Procedure

                                                            Data Summary

                                                Number of Strata                  63
                                                Number of Clusters              3921
                                                Number of Observations         11649
                                                Sum of Weights             10809.566


                                                Table of death by any_substance_use
 
                                                   Weighted    Std Err of                Std Err of         Row     Std Err of
     death    any_substance_use     Frequency     Frequency      Wgt Freq     Percent       Percent     Percent    Row Percent
     ƒƒƒƒƒƒƒƒƒƒƒƒƒƒƒƒƒƒƒƒƒƒƒƒƒƒƒƒƒƒƒƒƒƒƒƒƒƒƒƒƒƒƒƒƒƒƒƒƒƒƒƒƒƒƒƒƒƒƒƒƒƒƒƒƒƒƒƒƒƒƒƒƒƒƒƒƒƒƒƒƒƒƒƒƒƒƒƒƒƒƒƒƒƒƒƒƒƒƒƒƒƒƒƒƒƒƒƒƒƒƒƒƒƒƒƒƒƒƒƒƒ
         0                    .          1673          1436      70.90845     13.2831        0.5521     13.4864         0.5617
                              0          8675          8309     191.46151     76.8702        0.6780     78.0468         0.6705
                              1          1106     901.42915      50.42325      8.3392        0.4323      8.4668         0.4388
     -------------------------------------------------------------------------------------------------------------------------
         1                    .            80      73.58994      11.48282      0.6808        0.1047     45.1599         4.8056
                              0           100      77.72065      10.44423      0.7190        0.0969     47.6948         4.7408
                              1            15      11.64345       4.16111      0.1077        0.0385      7.1452         2.4792
     ƒƒƒƒƒƒƒƒƒƒƒƒƒƒƒƒƒƒƒƒƒƒƒƒƒƒƒƒƒƒƒƒƒƒƒƒƒƒƒƒƒƒƒƒƒƒƒƒƒƒƒƒƒƒƒƒƒƒƒƒƒƒƒƒƒƒƒƒƒƒƒƒƒƒƒƒƒƒƒƒƒƒƒƒƒƒƒƒƒƒƒƒƒƒƒƒƒƒƒƒƒƒƒƒƒƒƒƒƒƒƒƒƒƒƒƒƒƒƒƒƒ
                                                           The SAS System

                                                      The SURVEYFREQ Procedure

                                                            Data Summary

                                                Number of Strata                  63
                                                Number of Clusters              3921
                                                Number of Observations         11649
                                                Sum of Weights             10809.566


                                               Household wealth index (3 categories)
 
                                                           Weighted    Std Err of                Std Err of
                        wealth_index_c3     Frequency     Frequency      Wgt Freq     Percent       Percent
                        ƒƒƒƒƒƒƒƒƒƒƒƒƒƒƒƒƒƒƒƒƒƒƒƒƒƒƒƒƒƒƒƒƒƒƒƒƒƒƒƒƒƒƒƒƒƒƒƒƒƒƒƒƒƒƒƒƒƒƒƒƒƒƒƒƒƒƒƒƒƒƒƒƒƒƒƒƒƒƒƒƒƒƒ
                                      1          7718          5548     145.06897     51.3219        1.1614
                                      2          2133          2271      82.61600     21.0102        0.7635
                                      3          1798          2991     180.32797     27.6679        1.3000
                        ƒƒƒƒƒƒƒƒƒƒƒƒƒƒƒƒƒƒƒƒƒƒƒƒƒƒƒƒƒƒƒƒƒƒƒƒƒƒƒƒƒƒƒƒƒƒƒƒƒƒƒƒƒƒƒƒƒƒƒƒƒƒƒƒƒƒƒƒƒƒƒƒƒƒƒƒƒƒƒƒƒƒƒ
                                                           The SAS System

                                                      The SURVEYFREQ Procedure

                                                            Data Summary

                                                Number of Strata                  63
                                                Number of Clusters              3921
                                                Number of Observations         11649
                                                Sum of Weights             10809.566


                                                 Table of death by wealth_index_c3
 
                                                  Weighted    Std Err of                Std Err of         Row     Std Err of
      death    wealth_index_c3     Frequency     Frequency      Wgt Freq     Percent       Percent     Percent    Row Percent
      ƒƒƒƒƒƒƒƒƒƒƒƒƒƒƒƒƒƒƒƒƒƒƒƒƒƒƒƒƒƒƒƒƒƒƒƒƒƒƒƒƒƒƒƒƒƒƒƒƒƒƒƒƒƒƒƒƒƒƒƒƒƒƒƒƒƒƒƒƒƒƒƒƒƒƒƒƒƒƒƒƒƒƒƒƒƒƒƒƒƒƒƒƒƒƒƒƒƒƒƒƒƒƒƒƒƒƒƒƒƒƒƒƒƒƒƒƒƒƒ
          0                  1          7569          5431     140.83801     50.2452        1.1326     51.0143         1.1637
                             2          2109          2250      82.44480     20.8168        0.7610     21.1354         0.7715
                             3          1776          2965     180.24207     27.4305        1.3017     27.8503         1.3136
      -----------------------------------------------------------------------------------------------------------------------
          1                  1           149     116.38716      14.07223      1.0767        0.1278     71.4233         4.6203
                             2            24      20.90535       4.94771      0.1934        0.0459     12.8290         2.9407
                             3            22      25.66153       7.37384      0.2374        0.0684     15.7477         4.0847
      ƒƒƒƒƒƒƒƒƒƒƒƒƒƒƒƒƒƒƒƒƒƒƒƒƒƒƒƒƒƒƒƒƒƒƒƒƒƒƒƒƒƒƒƒƒƒƒƒƒƒƒƒƒƒƒƒƒƒƒƒƒƒƒƒƒƒƒƒƒƒƒƒƒƒƒƒƒƒƒƒƒƒƒƒƒƒƒƒƒƒƒƒƒƒƒƒƒƒƒƒƒƒƒƒƒƒƒƒƒƒƒƒƒƒƒƒƒƒƒ
                                                           The SAS System

                                                      The SURVEYFREQ Procedure

                                                            Data Summary

                                                Number of Strata                  63
                                                Number of Clusters              3921
                                                Number of Observations         11649
                                                Sum of Weights             10809.566


                                                      Urban area of residence
 
                                                      Weighted    Std Err of                Std Err of
                             urban     Frequency     Frequency      Wgt Freq     Percent       Percent
                             ƒƒƒƒƒƒƒƒƒƒƒƒƒƒƒƒƒƒƒƒƒƒƒƒƒƒƒƒƒƒƒƒƒƒƒƒƒƒƒƒƒƒƒƒƒƒƒƒƒƒƒƒƒƒƒƒƒƒƒƒƒƒƒƒƒƒƒƒƒƒƒƒƒ
                                 0          3750          3145     107.02575     29.0955        0.9063
                                 1          7899          7664     212.48616     70.9045        0.9063
                             ƒƒƒƒƒƒƒƒƒƒƒƒƒƒƒƒƒƒƒƒƒƒƒƒƒƒƒƒƒƒƒƒƒƒƒƒƒƒƒƒƒƒƒƒƒƒƒƒƒƒƒƒƒƒƒƒƒƒƒƒƒƒƒƒƒƒƒƒƒƒƒƒƒ
                                                           The SAS System

                                                      The SURVEYFREQ Procedure

                                                            Data Summary

                                                Number of Strata                  63
                                                Number of Clusters              3921
                                                Number of Observations         11649
                                                Sum of Weights             10809.566


                                                      Table of death by urban
 
                                             Weighted    Std Err of                Std Err of         Row     Std Err of
           death    urban     Frequency     Frequency      Wgt Freq     Percent       Percent     Percent    Row Percent
           ƒƒƒƒƒƒƒƒƒƒƒƒƒƒƒƒƒƒƒƒƒƒƒƒƒƒƒƒƒƒƒƒƒƒƒƒƒƒƒƒƒƒƒƒƒƒƒƒƒƒƒƒƒƒƒƒƒƒƒƒƒƒƒƒƒƒƒƒƒƒƒƒƒƒƒƒƒƒƒƒƒƒƒƒƒƒƒƒƒƒƒƒƒƒƒƒƒƒƒƒƒƒƒƒƒƒƒƒƒ
               0        0          3674          3084     104.34237     28.5276        0.8858     28.9643         0.9037
                        1          7780          7563     211.31615     69.9649        0.9093     71.0357         0.9037
           -------------------------------------------------------------------------------------------------------------
               1        0            76      61.38665      10.56351      0.5679        0.0968     37.6711         4.9987
                        1           119     101.56739      12.73085      0.9396        0.1173     62.3289         4.9987
           ƒƒƒƒƒƒƒƒƒƒƒƒƒƒƒƒƒƒƒƒƒƒƒƒƒƒƒƒƒƒƒƒƒƒƒƒƒƒƒƒƒƒƒƒƒƒƒƒƒƒƒƒƒƒƒƒƒƒƒƒƒƒƒƒƒƒƒƒƒƒƒƒƒƒƒƒƒƒƒƒƒƒƒƒƒƒƒƒƒƒƒƒƒƒƒƒƒƒƒƒƒƒƒƒƒƒƒƒƒ
                                                           The SAS System

                                                      The SURVEYFREQ Procedure

                                                            Data Summary

                                                Number of Strata                  63
                                                Number of Clusters              3921
                                                Number of Observations         11649
                                                Sum of Weights             10809.566


                                               Birth order and spacing (5-categories)
 
                                                               Weighted    Std Err of                Std Err of
                     birth_order_spacing_c5     Frequency     Frequency      Wgt Freq     Percent       Percent
                     ƒƒƒƒƒƒƒƒƒƒƒƒƒƒƒƒƒƒƒƒƒƒƒƒƒƒƒƒƒƒƒƒƒƒƒƒƒƒƒƒƒƒƒƒƒƒƒƒƒƒƒƒƒƒƒƒƒƒƒƒƒƒƒƒƒƒƒƒƒƒƒƒƒƒƒƒƒƒƒƒƒƒƒƒƒƒƒƒƒƒ
                                          .            24      25.22174       6.84582      0.2333        0.0632
                                          0          4783          4624     108.81779     42.7804        0.7326
                                          1          1676          1576      77.56906     14.5834        0.5913
                                          2          3500          3473     130.65511     32.1276        0.8236
                                          3           747     495.18381      35.45790      4.5810        0.3185
                                          4           919     615.52262      31.77166      5.6942        0.2928
                     ƒƒƒƒƒƒƒƒƒƒƒƒƒƒƒƒƒƒƒƒƒƒƒƒƒƒƒƒƒƒƒƒƒƒƒƒƒƒƒƒƒƒƒƒƒƒƒƒƒƒƒƒƒƒƒƒƒƒƒƒƒƒƒƒƒƒƒƒƒƒƒƒƒƒƒƒƒƒƒƒƒƒƒƒƒƒƒƒƒƒ
                                                           The SAS System

                                                      The SURVEYFREQ Procedure

                                                            Data Summary

                                                Number of Strata                  63
                                                Number of Clusters              3921
                                                Number of Observations         11649
                                                Sum of Weights             10809.566


                                              Table of death by birth_order_spacing_c5
 
                                                      Weighted    Std Err of                Std Err of         Row     Std Err of
   death    birth_order_spacing_c5     Frequency     Frequency      Wgt Freq     Percent       Percent     Percent    Row Percent
   ƒƒƒƒƒƒƒƒƒƒƒƒƒƒƒƒƒƒƒƒƒƒƒƒƒƒƒƒƒƒƒƒƒƒƒƒƒƒƒƒƒƒƒƒƒƒƒƒƒƒƒƒƒƒƒƒƒƒƒƒƒƒƒƒƒƒƒƒƒƒƒƒƒƒƒƒƒƒƒƒƒƒƒƒƒƒƒƒƒƒƒƒƒƒƒƒƒƒƒƒƒƒƒƒƒƒƒƒƒƒƒƒƒƒƒƒƒƒƒƒƒƒƒƒƒƒ
       0                         .            23      22.92980       6.45075      0.2121        0.0596      0.2154         0.0605
                                 0          4725          4577     108.17847     42.3381        0.7357     42.9861         0.7434
                                 1          1640          1543      76.49265     14.2734        0.5844     14.4919         0.5940
                                 2          3444          3425     130.43113     31.6828        0.8261     32.1677         0.8334
                                 3           723     474.86665      33.96752      4.3930        0.3048      4.4603         0.3101
                                 4           899     604.58019      31.63016      5.5930        0.2912      5.6786         0.2959
   ------------------------------------------------------------------------------------------------------------------------------
       1                         .             1       2.29194       2.29194      0.0212        0.0212      1.4065         1.3743
                                 0            58      47.81539       8.21776      0.4423        0.0752     29.3429         4.0979
                                 1            36      33.50480       6.89868      0.3100        0.0634     20.5609         3.8145
                                 2            56      48.08231       9.25707      0.4448        0.0858     29.5067         4.7376
                                 3            24      20.31716       5.75993      0.1880        0.0533     12.4680         3.2409
                                 4            20      10.94244       3.32377      0.1012        0.0308      6.7150         2.0134
   ƒƒƒƒƒƒƒƒƒƒƒƒƒƒƒƒƒƒƒƒƒƒƒƒƒƒƒƒƒƒƒƒƒƒƒƒƒƒƒƒƒƒƒƒƒƒƒƒƒƒƒƒƒƒƒƒƒƒƒƒƒƒƒƒƒƒƒƒƒƒƒƒƒƒƒƒƒƒƒƒƒƒƒƒƒƒƒƒƒƒƒƒƒƒƒƒƒƒƒƒƒƒƒƒƒƒƒƒƒƒƒƒƒƒƒƒƒƒƒƒƒƒƒƒƒƒ
