NOTE: PROCEDURE PRINTTO used (Total process time):
      real time           0.04 seconds
      cpu time            0.03 seconds
      

8          
9          /*
10         	
11         	Program: LHS00019902.sas
12         
13         	Description: Produce the missing data report for the dhs 2015
14         				child_recode dataset
15         	
16         	Programmer: Alvaro Quijano-Angarita
17         
18         	Date: 15may25
19         
20         	Version:
21         				15may25: Create the file
22         
2                                                          The SAS System                              15:07 Thursday, July 31, 2025

23         
24         */
25         options nodate nonumber;
26         
27         * include SAS code for formats and macros;
28         %include "&homepath./scripts/lhs000190/lhs000190.sas";
NOTE: Format ETHNICITY_C3_FMT has been output.
NOTE: Format MEDUC_C3_FMT has been output.
NOTE: Format MEDUC_C2_FMT has been output.
NOTE: Format FLOOR_MAT_C4_FMT has been output.
NOTE: Format CHILD_SEX_FMT has been output.
NOTE: Format HH_HEAD_C4_FMT has been output.
NOTE: Format FUEL_COOKING_C3_FMT has been output.
NOTE: Format MOM_OCCUPATION_C3_FMT has been output.
NOTE: Format PRECEDING_BIRTH_INTERVAL_C4_FMT has been output.
NOTE: Format PRECEDING_BIRTH_INTERVAL_C3_FMT has been output.
NOTE: Format BIRTH_WEIGHT_C4_FMT has been output.
NOTE: Format AGE_MONTH_FMT has been output.
NOTE: Format WEALTH_INDEX_FMT has been output.
NOTE: Format WEALTH_INDEX_C3_FMT has been output.
NOTE: Format MAGE_BIRTH_FMT has been output.
NOTE: Format MAGE_BIRTH_C3_FMT has been output.
NOTE: Format URBAN_FMT has been output.
NOTE: Format REFNUM has been output.
NOTE: The NEGPAREN (in)format was specified on the right-hand side of an equal sign, but without a length specification. PROC 
      FORMAT will assume a default length of at least 40 for the format being generated. If this is an insufficient width, you can 
      rerun PROC FORMAT with an explicit width for the NEGPAREN (in)format, or provide a sufficient DEFAULT= option.
NOTE: Format PAREN has been output.
NOTE: Format PV has been output.

NOTE: PROCEDURE FORMAT used (Total process time):
      real time           0.02 seconds
      cpu time            0.01 seconds
      

139        %include "&homepath./scripts/lhs000191/lhs00019102.sas";
242        
243        * set libraries;
244        libname raw "&homepath/data/raw" ACCESS=READONLY;
NOTE: Libref RAW was successfully assigned as follows: 
      Engine:        V9 
      Physical Name: J:\HCHS\STATISTICS\GRAS\QAngarita\LHS\LHS0001\data\raw
245        libname derv "&homepath/data/derived";
NOTE: Libref DERV was successfully assigned as follows: 
      Engine:        V9 
      Physical Name: J:\HCHS\STATISTICS\GRAS\QAngarita\LHS\LHS0001\data\derived
246        run;
247        
248        * define macro variables;
249        %let prg = AQA;
250        %let db_in = ;
251        
252        * Create a missing data report (dhs2015);
253        %missing_report(data = raw.cokr72fl,
254        					outpath = &homepath./scripts/&job./,
255        					outname = &subjob._missing_dhs15_&sysdate.,
256        					subtitle = 'DHS 2015 (cokr72fl)');

                                                           The SAS System

NOTE: The data set WORK.VARINFO has 1649 observations and 3 variables.
NOTE: PROCEDURE CONTENTS used (Total process time):
      real time           0.03 seconds
      cpu time            0.00 seconds
      


NOTE: There were 1649 observations read from the data set WORK.VARINFO.
NOTE: The data set WORK.VARINFO_FILTERED has 1013 observations and 3 variables.
NOTE: DATA statement used (Total process time):
      real time           0.02 seconds
      cpu time            0.00 seconds
      

NOTE: PROCEDURE SQL used (Total process time):
      real time           0.00 seconds
      cpu time            0.00 seconds
      

NOTE: The quoted string currently being processed has become more than 262 characters long.  You might have unbalanced quotation 
      marks.

NOTE: There were 11759 observations read from the data set RAW.COKR72FL.
NOTE: The data set WORK.MISSING_REPORT has 1013 observations and 2 variables.
NOTE: DATA statement used (Total process time):
      real time           0.65 seconds
      cpu time            0.14 seconds
      

NOTE: Table WORK.FINAL_REPORT_UNSORTED created, with 1013 rows and 3 columns.

NOTE: PROCEDURE SQL used (Total process time):
      real time           0.10 seconds
      cpu time            0.07 seconds
      


NOTE: There were 1013 observations read from the data set WORK.FINAL_REPORT_UNSORTED.
NOTE: The data set WORK.FINAL_REPORT has 1013 observations and 3 variables.
NOTE: PROCEDURE SORT used (Total process time):
      real time           0.03 seconds
      cpu time            0.03 seconds
      

NOTE: Writing RTF Body file: J:\HCHS\STATISTICS\GRAS\QAngarita\LHS\LHS0001/scripts/lhs000199//lhs00019902_missing_dhs15_31JUL25.rtf

NOTE: There were 1013 observations read from the data set WORK.FINAL_REPORT.
NOTE: The PROCEDURE PRINT printed pages 1-19.
NOTE: PROCEDURE PRINT used (Total process time):
      real time           0.14 seconds
      cpu time            0.12 seconds
      

257        
258        * Create a missing data report (dhs2010);
259        %missing_report(data = raw.cokr61fl,
260        					outpath = &homepath./scripts/&job./,
261        					outname = &subjob.missing_dhs10_&sysdate.,
                                                           The SAS System

262        					subtitle = 'DHS 2010 (cokr61fl)');

NOTE: The data set WORK.VARINFO has 1710 observations and 3 variables.
NOTE: PROCEDURE CONTENTS used (Total process time):
      real time           0.03 seconds
      cpu time            0.00 seconds
      


NOTE: There were 1710 observations read from the data set WORK.VARINFO.
NOTE: The data set WORK.VARINFO_FILTERED has 1393 observations and 3 variables.
NOTE: DATA statement used (Total process time):
      real time           0.01 seconds
      cpu time            0.00 seconds
      

NOTE: PROCEDURE SQL used (Total process time):
      real time           0.00 seconds
      cpu time            0.00 seconds
      

NOTE: The quoted string currently being processed has become more than 262 characters long.  You might have unbalanced quotation 
      marks.

NOTE: There were 17756 observations read from the data set RAW.COKR61FL.
NOTE: The data set WORK.MISSING_REPORT has 1393 observations and 2 variables.
NOTE: DATA statement used (Total process time):
      real time           1.11 seconds
      cpu time            0.01 seconds
      

NOTE: Table WORK.FINAL_REPORT_UNSORTED created, with 1393 rows and 3 columns.

NOTE: PROCEDURE SQL used (Total process time):
      real time           0.12 seconds
      cpu time            0.07 seconds
      


NOTE: There were 1393 observations read from the data set WORK.FINAL_REPORT_UNSORTED.
NOTE: The data set WORK.FINAL_REPORT has 1393 observations and 3 variables.
NOTE: PROCEDURE SORT used (Total process time):
      real time           0.06 seconds
      cpu time            0.03 seconds
      

NOTE: Writing RTF Body file: J:\HCHS\STATISTICS\GRAS\QAngarita\LHS\LHS0001/scripts/lhs000199//lhs00019902missing_dhs10_31JUL25.rtf

NOTE: There were 1393 observations read from the data set WORK.FINAL_REPORT.
NOTE: The PROCEDURE PRINT printed pages 20-45.
NOTE: PROCEDURE PRINT used (Total process time):
      real time           0.18 seconds
      cpu time            0.18 seconds
      

263        
264        proc printto; run;

