1                                                          The SAS System                              11:45 Sunday, August 24, 2025

NOTE: Unable to open SASUSER.REGSTRY. WORK.REGSTRY will be opened instead.
NOTE: All registry changes will be lost at the end of the session.

WARNING: Unable to copy SASUSER registry to WORK registry. Because of this, you will not see registry customizations during this 
         session.
NOTE: Unable to open SASUSER.PROFILE. WORK.PROFILE will be opened instead.
NOTE: All profile changes will be lost at the end of the session.
NOTE: Copyright (c) 2023 by SAS Institute Inc., Cary, NC, USA. 
NOTE: SAS (r) Proprietary Software 9.4 (TS1M8) 
      Licensed to UNIVERSITY OF NORTH CAROLINA CHAPEL HILL - SFA T&R, Site 70022629.
NOTE: This session is executing on the W32_WIN+PRO  platform.



NOTE: Analytical products:
      
      SAS/STAT 15.3
      SAS/ETS 15.3
      SAS/OR 15.3
      SAS/IML 15.3
      SAS/QC 15.3

NOTE: Additional host information:

 W32_WIN+PRO WIN 10.0.22631  Workstation

NOTE: SAS initialization used:
      real time           0.14 seconds
      cpu time            0.01 seconds
      
1          %let homepath = J:\HCHS\STATISTICS\GRAS\QAngarita\LHS\LHS0001;
2          %let job = LHS000102;
3          proc printto log = "&homepath./scripts/&job./&job._&sysdate..log"
4          			print = "&homepath./scripts/&job./&job._&sysdate..lst" new;
5          run;

NOTE: PROCEDURE PRINTTO used (Total process time):
      real time           0.93 seconds
      cpu time            0.00 seconds
      
3                                                          The SAS System                              11:45 Sunday, August 24, 2025


NOTE: SAS Institute Inc., SAS Campus Drive, Cary, NC USA 27513-2414
NOTE: The SAS System used:
      real time           1:50.30
      cpu time            1:43.67
      
